<?xml version="1.0" encoding="UTF-8"?>
<testsuite name="ReadabilityTest" tests="1" skipped="0" failures="0" errors="0" timestamp="2022-09-28T05:59:44" hostname="ttiwari-Lenovo-ideapad-320-15ISK" time="0.273">
  <properties/>
  <testcase name="start" classname="ReadabilityTest" time="0.273"/>
  <system-out><![CDATA[?[1;31m
Start test 1?[0m
Words: 108
Sentences: 6
Characters: 580
Syllables: 197
Polysyllables: 21
Enter the score you want to calculate (ARI, FK, SMOG, CL, all):
> all
17-18
Automated Readability Index: 12.86 (about 18-year-olds).
Flesch–Kincaid readability tests: 12.95 (about 18-year-olds).
Simple Measure of Gobbledygook: 13.82 (about 22-year-olds).
Coleman–Liau index: 14.13 (about 100-year-olds).
?[1;31m
Start test 2?[0m
Words: 137
Sentences: 14
Characters: 687
Syllables: 206
Polysyllables: 17
Enter the score you want to calculate (ARI, FK, SMOG, CL, all):
> all
11-12
Automated Readability Index: 7.08 (about 12-year-olds).
Flesch–Kincaid readability tests: 5.97 (about 11-year-olds).
Simple Measure of Gobbledygook: 9.42 (about 14-year-olds).
Coleman–Liau index: 10.66 (about 16-year-olds).
?[1;31m
Start test 3?[0m
Words: 180
Sentences: 13
Characters: 982
Syllables: 312
Polysyllables: 32
Enter the score you want to calculate (ARI, FK, SMOG, CL, all):
> all
15-16
Automated Readability Index: 11.19 (about 16-year-olds).
Flesch–Kincaid readability tests: 10.26 (about 15-year-olds).
Simple Measure of Gobbledygook: 12.09 (about 17-year-olds).
Coleman–Liau index: 14.14 (about 100-year-olds).
]]></system-out>
  <system-err><![CDATA[]]></system-err>
</testsuite>
